[2023-06-08 16:38:28] local.ERROR: SQLSTATE[23000]: Integrity constraint violation: 1062 Duplicate entry '01' for key 'barangs_kode_barang_unique' (Connection: mysql, SQL: insert into `barangs` (`kode_barang`, `nama_barang`, `harga_barang`, `deskripsi_barang`, `satuan_id`, `updated_at`, `created_at`) values (01, Batu Bata, 10000000, Batu Bata PT. Jelita, 1, 2023-06-08 16:38:28, 2023-06-08 16:38:28)) {"exception":"[object] (Illuminate\\Database\\QueryException(code: 23000): SQLSTATE[23000]: Integrity constraint violation: 1062 Duplicate entry '01' for key 'barangs_kode_barang_unique' (Connection: mysql, SQL: insert into `barangs` (`kode_barang`, `nama_barang`, `harga_barang`, `deskripsi_barang`, `satuan_id`, `updated_at`, `created_at`) values (01, Batu Bata, 10000000, Batu Bata PT. Jelita, 1, 2023-06-08 16:38:28, 2023-06-08 16:38:28)) at D:\\2GAS\\SMT 6\\Pemro Framework\\BarangMasterUts\\barang_master-uts-master\\vendor\\laravel\\framework\\src\\Illuminate\\Database\\Connection.php:795)
[stacktrace]
#0 D:\\2GAS\\SMT 6\\Pemro Framework\\BarangMasterUts\\barang_master-uts-master\\vendor\\laravel\\framework\\src\\Illuminate\\Database\\Connection.php(755): Illuminate\\Database\\Connection->runQueryCallback('insert into `ba...', Array, Object(Closure))
#1 D:\\2GAS\\SMT 6\\Pemro Framework\\BarangMasterUts\\barang_master-uts-master\\vendor\\laravel\\framework\\src\\Illuminate\\Database\\Connection.php(569): Illuminate\\Database\\Connection->run('insert into `ba...', Array, Object(Closure))
#2 D:\\2GAS\\SMT 6\\Pemro Framework\\BarangMasterUts\\barang_master-uts-master\\vendor\\laravel\\framework\\src\\Illuminate\\Database\\Connection.php(533): Illuminate\\Database\\Connection->statement('insert into `ba...', Array)
#3 D:\\2GAS\\SMT 6\\Pemro Framework\\BarangMasterUts\\barang_master-uts-master\\vendor\\laravel\\framework\\src\\Illuminate\\Database\\Query\\Processors\\Processor.php(32): Illuminate\\Database\\Connection->insert('insert into `ba...', Array)
#4 D:\\2GAS\\SMT 6\\Pemro Framework\\BarangMasterUts\\barang_master-uts-master\\vendor\\laravel\\framework\\src\\Illuminate\\Database\\Query\\Builder.php(3371): Illuminate\\Database\\Query\\Processors\\Processor->processInsertGetId(Object(Illuminate\\Database\\Query\\Builder), 'insert into `ba...', Array, 'id')
#5 D:\\2GAS\\SMT 6\\Pemro Framework\\BarangMasterUts\\barang_master-uts-master\\vendor\\laravel\\framework\\src\\Illuminate\\Database\\Eloquent\\Builder.php(1922): Illuminate\\Database\\Query\\Builder->insertGetId(Array, 'id')
#6 D:\\2GAS\\SMT 6\\Pemro Framework\\BarangMasterUts\\barang_master-uts-master\\vendor\\laravel\\framework\\src\\Illuminate\\Database\\Eloquent\\Model.php(1335): Illuminate\\Database\\Eloquent\\Builder->__call('insertGetId', Array)
#7 D:\\2GAS\\SMT 6\\Pemro Framework\\BarangMasterUts\\barang_master-uts-master\\vendor\\laravel\\framework\\src\\Illuminate\\Database\\Eloquent\\Model.php(1300): Illuminate\\Database\\Eloquent\\Model->insertAndSetId(Object(Illuminate\\Database\\Eloquent\\Builder), Array)
#8 D:\\2GAS\\SMT 6\\Pemro Framework\\BarangMasterUts\\barang_master-uts-master\\vendor\\laravel\\framework\\src\\Illuminate\\Database\\Eloquent\\Model.php(1139): Illuminate\\Database\\Eloquent\\Model->performInsert(Object(Illuminate\\Database\\Eloquent\\Builder))
#9 D:\\2GAS\\SMT 6\\Pemro Framework\\BarangMasterUts\\barang_master-uts-master\\app\\Http\\Controllers\\BarangController.php(64): Illuminate\\Database\\Eloquent\\Model->save()
#10 D:\\2GAS\\SMT 6\\Pemro Framework\\BarangMasterUts\\barang_master-uts-master\\vendor\\laravel\\framework\\src\\Illuminate\\Routing\\Controller.php(54): App\\Http\\Controllers\\BarangController->store(Object(Illuminate\\Http\\Request))
#11 D:\\2GAS\\SMT 6\\Pemro Framework\\BarangMasterUts\\barang_master-uts-master\\vendor\\laravel\\framework\\src\\Illuminate\\Routing\\ControllerDispatcher.php(43): Illuminate\\Routing\\Controller->callAction('store', Array)
#12 D:\\2GAS\\SMT 6\\Pemro Framework\\BarangMasterUts\\barang_master-uts-master\\vendor\\laravel\\framework\\src\\Illuminate\\Routing\\Route.php(259): Illuminate\\Routing\\ControllerDispatcher->dispatch(Object(Illuminate\\Routing\\Route), Object(App\\Http\\Controllers\\BarangController), 'store')
#13 D:\\2GAS\\SMT 6\\Pemro Framework\\BarangMasterUts\\barang_master-uts-master\\vendor\\laravel\\framework\\src\\Illuminate\\Routing\\Route.php(205): Illuminate\\Routing\\Route->runController()
#14 D:\\2GAS\\SMT 6\\Pemro Framework\\BarangMasterUts\\barang_master-uts-master\\vendor\\laravel\\framework\\src\\Illuminate\\Routing\\Router.php(799): Illuminate\\Routing\\Route->run()
#15 D:\\2GAS\\SMT 6\\Pemro Framework\\BarangMasterUts\\barang_master-uts-master\\vendor\\laravel\\framework\\src\\Illuminate\\Pipeline\\Pipeline.php(141): Illuminate\\Routing\\Router->Illuminate\\Routing\\{closure}(Object(Illuminate\\Http\\Request))
#16 D:\\2GAS\\SMT 6\\Pemro Framework\\BarangMasterUts\\barang_master-uts-master\\vendor\\laravel\\framework\\src\\Illuminate\\Routing\\Middleware\\SubstituteBindings.php(50): Illuminate\\Pipeline\\Pipeline->Illuminate\\Pipeline\\{closure}(Object(Illuminate\\Http\\Request))
#17 D:\\2GAS\\SMT 6\\Pemro Framework\\BarangMasterUts\\barang_master-uts-master\\vendor\\laravel\\framework\\src\\Illuminate\\Pipeline\\Pipeline.php(180): Illuminate\\Routing\\Middleware\\SubstituteBindings->handle(Object(Illuminate\\Http\\Request), Object(Closure))
#18 D:\\2GAS\\SMT 6\\Pemro Framework\\BarangMasterUts\\barang_master-uts-master\\vendor\\laravel\\framework\\src\\Illuminate\\Foundation\\Http\\Middleware\\VerifyCsrfToken.php(78): Illuminate\\Pipeline\\Pipeline->Illuminate\\Pipeline\\{closure}(Object(Illuminate\\Http\\Request))
#19 D:\\2GAS\\SMT 6\\Pemro Framework\\BarangMasterUts\\barang_master-uts-master\\vendor\\laravel\\framework\\src\\Illuminate\\Pipeline\\Pipeline.php(180): Illuminate\\Foundation\\Http\\Middleware\\VerifyCsrfToken->handle(Object(Illuminate\\Http\\Request), Object(Closure))
#20 D:\\2GAS\\SMT 6\\Pemro Framework\\BarangMasterUts\\barang_master-uts-master\\vendor\\laravel\\framework\\src\\Illuminate\\View\\Middleware\\ShareErrorsFromSession.php(49): Illuminate\\Pipeline\\Pipeline->Illuminate\\Pipeline\\{closure}(Object(Illuminate\\Http\\Request))
#21 D:\\2GAS\\SMT 6\\Pemro Framework\\BarangMasterUts\\barang_master-uts-master\\vendor\\laravel\\framework\\src\\Illuminate\\Pipeline\\Pipeline.php(180): Illuminate\\View\\Middleware\\ShareErrorsFromSession->handle(Object(Illuminate\\Http\\Request), Object(Closure))
#22 D:\\2GAS\\SMT 6\\Pemro Framework\\BarangMasterUts\\barang_master-uts-master\\vendor\\laravel\\framework\\src\\Illuminate\\Session\\Middleware\\StartSession.php(121): Illuminate\\Pipeline\\Pipeline->Illuminate\\Pipeline\\{closure}(Object(Illuminate\\Http\\Request))
#23 D:\\2GAS\\SMT 6\\Pemro Framework\\BarangMasterUts\\barang_master-uts-master\\vendor\\laravel\\framework\\src\\Illuminate\\Session\\Middleware\\StartSession.php(64): Illuminate\\Session\\Middleware\\StartSession->handleStatefulRequest(Object(Illuminate\\Http\\Request), Object(Illuminate\\Session\\Store), Object(Closure))
#24 D:\\2GAS\\SMT 6\\Pemro Framework\\BarangMasterUts\\barang_master-uts-master\\vendor\\laravel\\framework\\src\\Illuminate\\Pipeline\\Pipeline.php(180): Illuminate\\Session\\Middleware\\StartSession->handle(Object(Illuminate\\Http\\Request), Object(Closure))
#25 D:\\2GAS\\SMT 6\\Pemro Framework\\BarangMasterUts\\barang_master-uts-master\\vendor\\laravel\\framework\\src\\Illuminate\\Cookie\\Middleware\\AddQueuedCookiesToResponse.php(37): Illuminate\\Pipeline\\Pipeline->Illuminate\\Pipeline\\{closure}(Object(Illuminate\\Http\\Request))
#26 D:\\2GAS\\SMT 6\\Pemro Framework\\BarangMasterUts\\barang_master-uts-master\\vendor\\laravel\\framework\\src\\Illuminate\\Pipeline\\Pipeline.php(180): Illuminate\\Cookie\\Middleware\\AddQueuedCookiesToResponse->handle(Object(Illuminate\\Http\\Request), Object(Closure))
#27 D:\\2GAS\\SMT 6\\Pemro Framework\\BarangMasterUts\\barang_master-uts-master\\vendor\\laravel\\framework\\src\\Illuminate\\Cookie\\Middleware\\EncryptCookies.php(67): Illuminate\\Pipeline\\Pipeline->Illuminate\\Pipeline\\{closure}(Object(Illuminate\\Http\\Request))
#28 D:\\2GAS\\SMT 6\\Pemro Framework\\BarangMasterUts\\barang_master-uts-master\\vendor\\laravel\\framework\\src\\Illuminate\\Pipeline\\Pipeline.php(180): Illuminate\\Cookie\\Middleware\\EncryptCookies->handle(Object(Illuminate\\Http\\Request), Object(Closure))
#29 D:\\2GAS\\SMT 6\\Pemro Framework\\BarangMasterUts\\barang_master-uts-master\\vendor\\laravel\\framework\\src\\Illuminate\\Pipeline\\Pipeline.php(116): Illuminate\\Pipeline\\Pipeline->Illuminate\\Pipeline\\{closure}(Object(Illuminate\\Http\\Request))
#30 D:\\2GAS\\SMT 6\\Pemro Framework\\BarangMasterUts\\barang_master-uts-master\\vendor\\laravel\\framework\\src\\Illuminate\\Routing\\Router.php(798): Illuminate\\Pipeline\\Pipeline->then(Object(Closure))
#31 D:\\2GAS\\SMT 6\\Pemro Framework\\BarangMasterUts\\barang_master-uts-master\\vendor\\laravel\\framework\\src\\Illuminate\\Routing\\Router.php(777): Illuminate\\Routing\\Router->runRouteWithinStack(Object(Illuminate\\Routing\\Route), Object(Illuminate\\Http\\Request))
#32 D:\\2GAS\\SMT 6\\Pemro Framework\\BarangMasterUts\\barang_master-uts-master\\vendor\\laravel\\framework\\src\\Illuminate\\Routing\\Router.php(741): Illuminate\\Routing\\Router->runRoute(Object(Illuminate\\Http\\Request), Object(Illuminate\\Routing\\Route))
#33 D:\\2GAS\\SMT 6\\Pemro Framework\\BarangMasterUts\\barang_master-uts-master\\vendor\\laravel\\framework\\src\\Illuminate\\Routing\\Router.php(730): Illuminate\\Routing\\Router->dispatchToRoute(Object(Illuminate\\Http\\Request))
#34 D:\\2GAS\\SMT 6\\Pemro Framework\\BarangMasterUts\\barang_master-uts-master\\vendor\\laravel\\framework\\src\\Illuminate\\Foundation\\Http\\Kernel.php(200): Illuminate\\Routing\\Router->dispatch(Object(Illuminate\\Http\\Request))
#35 D:\\2GAS\\SMT 6\\Pemro Framework\\BarangMasterUts\\barang_master-uts-master\\vendor\\laravel\\framework\\src\\Illuminate\\Pipeline\\Pipeline.php(141): Illuminate\\Foundation\\Http\\Kernel->Illuminate\\Foundation\\Http\\{closure}(Object(Illuminate\\Http\\Request))
#36 D:\\2GAS\\SMT 6\\Pemro Framework\\BarangMasterUts\\barang_master-uts-master\\vendor\\laravel\\framework\\src\\Illuminate\\Foundation\\Http\\Middleware\\TransformsRequest.php(21): Illuminate\\Pipeline\\Pipeline->Illuminate\\Pipeline\\{closure}(Object(Illuminate\\Http\\Request))
#37 D:\\2GAS\\SMT 6\\Pemro Framework\\BarangMasterUts\\barang_master-uts-master\\vendor\\laravel\\framework\\src\\Illuminate\\Foundation\\Http\\Middleware\\ConvertEmptyStringsToNull.php(31): Illuminate\\Foundation\\Http\\Middleware\\TransformsRequest->handle(Object(Illuminate\\Http\\Request), Object(Closure))
#38 D:\\2GAS\\SMT 6\\Pemro Framework\\BarangMasterUts\\barang_master-uts-master\\vendor\\laravel\\framework\\src\\Illuminate\\Pipeline\\Pipeline.php(180): Illuminate\\Foundation\\Http\\Middleware\\ConvertEmptyStringsToNull->handle(Object(Illuminate\\Http\\Request), Object(Closure))
#39 D:\\2GAS\\SMT 6\\Pemro Framework\\BarangMasterUts\\barang_master-uts-master\\vendor\\laravel\\framework\\src\\Illuminate\\Foundation\\Http\\Middleware\\TransformsRequest.php(21): Illuminate\\Pipeline\\Pipeline->Illuminate\\Pipeline\\{closure}(Object(Illuminate\\Http\\Request))
#40 D:\\2GAS\\SMT 6\\Pemro Framework\\BarangMasterUts\\barang_master-uts-master\\vendor\\laravel\\framework\\src\\Illuminate\\Foundation\\Http\\Middleware\\TrimStrings.php(40): Illuminate\\Foundation\\Http\\Middleware\\TransformsRequest->handle(Object(Illuminate\\Http\\Request), Object(Closure))
#41 D:\\2GAS\\SMT 6\\Pemro Framework\\BarangMasterUts\\barang_master-uts-master\\vendor\\laravel\\framework\\src\\Illuminate\\Pipeline\\Pipeline.php(180): Illuminate\\Foundation\\Http\\Middleware\\TrimStrings->handle(Object(Illuminate\\Http\\Request), Object(Closure))
#42 D:\\2GAS\\SMT 6\\Pemro Framework\\BarangMasterUts\\barang_master-uts-master\\vendor\\laravel\\framework\\src\\Illuminate\\Foundation\\Http\\Middleware\\ValidatePostSize.php(27): Illuminate\\Pipeline\\Pipeline->Illuminate\\Pipeline\\{closure}(Object(Illuminate\\Http\\Request))
#43 D:\\2GAS\\SMT 6\\Pemro Framework\\BarangMasterUts\\barang_master-uts-master\\vendor\\laravel\\framework\\src\\Illuminate\\Pipeline\\Pipeline.php(180): Illuminate\\Foundation\\Http\\Middleware\\ValidatePostSize->handle(Object(Illuminate\\Http\\Request), Object(Closure))
#44 D:\\2GAS\\SMT 6\\Pemro Framework\\BarangMasterUts\\barang_master-uts-master\\vendor\\laravel\\framework\\src\\Illuminate\\Foundation\\Http\\Middleware\\PreventRequestsDuringMaintenance.php(86): Illuminate\\Pipeline\\Pipeline->Illuminate\\Pipeline\\{closure}(Object(Illuminate\\Http\\Request))
#45 D:\\2GAS\\SMT 6\\Pemro Framework\\BarangMasterUts\\barang_master-uts-master\\vendor\\laravel\\framework\\src\\Illuminate\\Pipeline\\Pipeline.php(180): Illuminate\\Foundation\\Http\\Middleware\\PreventRequestsDuringMaintenance->handle(Object(Illuminate\\Http\\Request), Object(Closure))
#46 D:\\2GAS\\SMT 6\\Pemro Framework\\BarangMasterUts\\barang_master-uts-master\\vendor\\laravel\\framework\\src\\Illuminate\\Http\\Middleware\\HandleCors.php(49): Illuminate\\Pipeline\\Pipeline->Illuminate\\Pipeline\\{closure}(Object(Illuminate\\Http\\Request))
#47 D:\\2GAS\\SMT 6\\Pemro Framework\\BarangMasterUts\\barang_master-uts-master\\vendor\\laravel\\framework\\src\\Illuminate\\Pipeline\\Pipeline.php(180): Illuminate\\Http\\Middleware\\HandleCors->handle(Object(Illuminate\\Http\\Request), Object(Closure))
#48 D:\\2GAS\\SMT 6\\Pemro Framework\\BarangMasterUts\\barang_master-uts-master\\vendor\\laravel\\framework\\src\\Illuminate\\Http\\Middleware\\TrustProxies.php(39): Illuminate\\Pipeline\\Pipeline->Illuminate\\Pipeline\\{closure}(Object(Illuminate\\Http\\Request))
#49 D:\\2GAS\\SMT 6\\Pemro Framework\\BarangMasterUts\\barang_master-uts-master\\vendor\\laravel\\framework\\src\\Illuminate\\Pipeline\\Pipeline.php(180): Illuminate\\Http\\Middleware\\TrustProxies->handle(Object(Illuminate\\Http\\Request), Object(Closure))
#50 D:\\2GAS\\SMT 6\\Pemro Framework\\BarangMasterUts\\barang_master-uts-master\\vendor\\laravel\\framework\\src\\Illuminate\\Pipeline\\Pipeline.php(116): Illuminate\\Pipeline\\Pipeline->Illuminate\\Pipeline\\{closure}(Object(Illuminate\\Http\\Request))
#51 D:\\2GAS\\SMT 6\\Pemro Framework\\BarangMasterUts\\barang_master-uts-master\\vendor\\laravel\\framework\\src\\Illuminate\\Foundation\\Http\\Kernel.php(175): Illuminate\\Pipeline\\Pipeline->then(Object(Closure))
#52 D:\\2GAS\\SMT 6\\Pemro Framework\\BarangMasterUts\\barang_master-uts-master\\vendor\\laravel\\framework\\src\\Illuminate\\Foundation\\Http\\Kernel.php(144): Illuminate\\Foundation\\Http\\Kernel->sendRequestThroughRouter(Object(Illuminate\\Http\\Request))
#53 D:\\2GAS\\SMT 6\\Pemro Framework\\BarangMasterUts\\barang_master-uts-master\\public\\index.php(51): Illuminate\\Foundation\\Http\\Kernel->handle(Object(Illuminate\\Http\\Request))
#54 D:\\2GAS\\SMT 6\\Pemro Framework\\BarangMasterUts\\barang_master-uts-master\\vendor\\laravel\\framework\\src\\Illuminate\\Foundation\\resources\\server.php(16): require_once('D:\\\\2GAS\\\\SMT 6\\\\P...')
#55 {main}

[previous exception] [object] (PDOException(code: 23000): SQLSTATE[23000]: Integrity constraint violation: 1062 Duplicate entry '01' for key 'barangs_kode_barang_unique' at D:\\2GAS\\SMT 6\\Pemro Framework\\BarangMasterUts\\barang_master-uts-master\\vendor\\laravel\\framework\\src\\Illuminate\\Database\\Connection.php:580)
[stacktrace]
#0 D:\\2GAS\\SMT 6\\Pemro Framework\\BarangMasterUts\\barang_master-uts-master\\vendor\\laravel\\framework\\src\\Illuminate\\Database\\Connection.php(580): PDOStatement->execute()
#1 D:\\2GAS\\SMT 6\\Pemro Framework\\BarangMasterUts\\barang_master-uts-master\\vendor\\laravel\\framework\\src\\Illuminate\\Database\\Connection.php(788): Illuminate\\Database\\Connection->Illuminate\\Database\\{closure}('insert into `ba...', Array)
#2 D:\\2GAS\\SMT 6\\Pemro Framework\\BarangMasterUts\\barang_master-uts-master\\vendor\\laravel\\framework\\src\\Illuminate\\Database\\Connection.php(755): Illuminate\\Database\\Connection->runQueryCallback('insert into `ba...', Array, Object(Closure))
#3 D:\\2GAS\\SMT 6\\Pemro Framework\\BarangMasterUts\\barang_master-uts-master\\vendor\\laravel\\framework\\src\\Illuminate\\Database\\Connection.php(569): Illuminate\\Database\\Connection->run('insert into `ba...', Array, Object(Closure))
#4 D:\\2GAS\\SMT 6\\Pemro Framework\\BarangMasterUts\\barang_master-uts-master\\vendor\\laravel\\framework\\src\\Illuminate\\Database\\Connection.php(533): Illuminate\\Database\\Connection->statement('insert into `ba...', Array)
#5 D:\\2GAS\\SMT 6\\Pemro Framework\\BarangMasterUts\\barang_master-uts-master\\vendor\\laravel\\framework\\src\\Illuminate\\Database\\Query\\Processors\\Processor.php(32): Illuminate\\Database\\Connection->insert('insert into `ba...', Array)
#6 D:\\2GAS\\SMT 6\\Pemro Framework\\BarangMasterUts\\barang_master-uts-master\\vendor\\laravel\\framework\\src\\Illuminate\\Database\\Query\\Builder.php(3371): Illuminate\\Database\\Query\\Processors\\Processor->processInsertGetId(Object(Illuminate\\Database\\Query\\Builder), 'insert into `ba...', Array, 'id')
#7 D:\\2GAS\\SMT 6\\Pemro Framework\\BarangMasterUts\\barang_master-uts-master\\vendor\\laravel\\framework\\src\\Illuminate\\Database\\Eloquent\\Builder.php(1922): Illuminate\\Database\\Query\\Builder->insertGetId(Array, 'id')
#8 D:\\2GAS\\SMT 6\\Pemro Framework\\BarangMasterUts\\barang_master-uts-master\\vendor\\laravel\\framework\\src\\Illuminate\\Database\\Eloquent\\Model.php(1335): Illuminate\\Database\\Eloquent\\Builder->__call('insertGetId', Array)
#9 D:\\2GAS\\SMT 6\\Pemro Framework\\BarangMasterUts\\barang_master-uts-master\\vendor\\laravel\\framework\\src\\Illuminate\\Database\\Eloquent\\Model.php(1300): Illuminate\\Database\\Eloquent\\Model->insertAndSetId(Object(Illuminate\\Database\\Eloquent\\Builder), Array)
#10 D:\\2GAS\\SMT 6\\Pemro Framework\\BarangMasterUts\\barang_master-uts-master\\vendor\\laravel\\framework\\src\\Illuminate\\Database\\Eloquent\\Model.php(1139): Illuminate\\Database\\Eloquent\\Model->performInsert(Object(Illuminate\\Database\\Eloquent\\Builder))
#11 D:\\2GAS\\SMT 6\\Pemro Framework\\BarangMasterUts\\barang_master-uts-master\\app\\Http\\Controllers\\BarangController.php(64): Illuminate\\Database\\Eloquent\\Model->save()
#12 D:\\2GAS\\SMT 6\\Pemro Framework\\BarangMasterUts\\barang_master-uts-master\\vendor\\laravel\\framework\\src\\Illuminate\\Routing\\Controller.php(54): App\\Http\\Controllers\\BarangController->store(Object(Illuminate\\Http\\Request))
#13 D:\\2GAS\\SMT 6\\Pemro Framework\\BarangMasterUts\\barang_master-uts-master\\vendor\\laravel\\framework\\src\\Illuminate\\Routing\\ControllerDispatcher.php(43): Illuminate\\Routing\\Controller->callAction('store', Array)
#14 D:\\2GAS\\SMT 6\\Pemro Framework\\BarangMasterUts\\barang_master-uts-master\\vendor\\laravel\\framework\\src\\Illuminate\\Routing\\Route.php(259): Illuminate\\Routing\\ControllerDispatcher->dispatch(Object(Illuminate\\Routing\\Route), Object(App\\Http\\Controllers\\BarangController), 'store')
#15 D:\\2GAS\\SMT 6\\Pemro Framework\\BarangMasterUts\\barang_master-uts-master\\vendor\\laravel\\framework\\src\\Illuminate\\Routing\\Route.php(205): Illuminate\\Routing\\Route->runController()
#16 D:\\2GAS\\SMT 6\\Pemro Framework\\BarangMasterUts\\barang_master-uts-master\\vendor\\laravel\\framework\\src\\Illuminate\\Routing\\Router.php(799): Illuminate\\Routing\\Route->run()
#17 D:\\2GAS\\SMT 6\\Pemro Framework\\BarangMasterUts\\barang_master-uts-master\\vendor\\laravel\\framework\\src\\Illuminate\\Pipeline\\Pipeline.php(141): Illuminate\\Routing\\Router->Illuminate\\Routing\\{closure}(Object(Illuminate\\Http\\Request))
#18 D:\\2GAS\\SMT 6\\Pemro Framework\\BarangMasterUts\\barang_master-uts-master\\vendor\\laravel\\framework\\src\\Illuminate\\Routing\\Middleware\\SubstituteBindings.php(50): Illuminate\\Pipeline\\Pipeline->Illuminate\\Pipeline\\{closure}(Object(Illuminate\\Http\\Request))
#19 D:\\2GAS\\SMT 6\\Pemro Framework\\BarangMasterUts\\barang_master-uts-master\\vendor\\laravel\\framework\\src\\Illuminate\\Pipeline\\Pipeline.php(180): Illuminate\\Routing\\Middleware\\SubstituteBindings->handle(Object(Illuminate\\Http\\Request), Object(Closure))
#20 D:\\2GAS\\SMT 6\\Pemro Framework\\BarangMasterUts\\barang_master-uts-master\\vendor\\laravel\\framework\\src\\Illuminate\\Foundation\\Http\\Middleware\\VerifyCsrfToken.php(78): Illuminate\\Pipeline\\Pipeline->Illuminate\\Pipeline\\{closure}(Object(Illuminate\\Http\\Request))
#21 D:\\2GAS\\SMT 6\\Pemro Framework\\BarangMasterUts\\barang_master-uts-master\\vendor\\laravel\\framework\\src\\Illuminate\\Pipeline\\Pipeline.php(180): Illuminate\\Foundation\\Http\\Middleware\\VerifyCsrfToken->handle(Object(Illuminate\\Http\\Request), Object(Closure))
#22 D:\\2GAS\\SMT 6\\Pemro Framework\\BarangMasterUts\\barang_master-uts-master\\vendor\\laravel\\framework\\src\\Illuminate\\View\\Middleware\\ShareErrorsFromSession.php(49): Illuminate\\Pipeline\\Pipeline->Illuminate\\Pipeline\\{closure}(Object(Illuminate\\Http\\Request))
#23 D:\\2GAS\\SMT 6\\Pemro Framework\\BarangMasterUts\\barang_master-uts-master\\vendor\\laravel\\framework\\src\\Illuminate\\Pipeline\\Pipeline.php(180): Illuminate\\View\\Middleware\\ShareErrorsFromSession->handle(Object(Illuminate\\Http\\Request), Object(Closure))
#24 D:\\2GAS\\SMT 6\\Pemro Framework\\BarangMasterUts\\barang_master-uts-master\\vendor\\laravel\\framework\\src\\Illuminate\\Session\\Middleware\\StartSession.php(121): Illuminate\\Pipeline\\Pipeline->Illuminate\\Pipeline\\{closure}(Object(Illuminate\\Http\\Request))
#25 D:\\2GAS\\SMT 6\\Pemro Framework\\BarangMasterUts\\barang_master-uts-master\\vendor\\laravel\\framework\\src\\Illuminate\\Session\\Middleware\\StartSession.php(64): Illuminate\\Session\\Middleware\\StartSession->handleStatefulRequest(Object(Illuminate\\Http\\Request), Object(Illuminate\\Session\\Store), Object(Closure))
#26 D:\\2GAS\\SMT 6\\Pemro Framework\\BarangMasterUts\\barang_master-uts-master\\vendor\\laravel\\framework\\src\\Illuminate\\Pipeline\\Pipeline.php(180): Illuminate\\Session\\Middleware\\StartSession->handle(Object(Illuminate\\Http\\Request), Object(Closure))
#27 D:\\2GAS\\SMT 6\\Pemro Framework\\BarangMasterUts\\barang_master-uts-master\\vendor\\laravel\\framework\\src\\Illuminate\\Cookie\\Middleware\\AddQueuedCookiesToResponse.php(37): Illuminate\\Pipeline\\Pipeline->Illuminate\\Pipeline\\{closure}(Object(Illuminate\\Http\\Request))
#28 D:\\2GAS\\SMT 6\\Pemro Framework\\BarangMasterUts\\barang_master-uts-master\\vendor\\laravel\\framework\\src\\Illuminate\\Pipeline\\Pipeline.php(180): Illuminate\\Cookie\\Middleware\\AddQueuedCookiesToResponse->handle(Object(Illuminate\\Http\\Request), Object(Closure))
#29 D:\\2GAS\\SMT 6\\Pemro Framework\\BarangMasterUts\\barang_master-uts-master\\vendor\\laravel\\framework\\src\\Illuminate\\Cookie\\Middleware\\EncryptCookies.php(67): Illuminate\\Pipeline\\Pipeline->Illuminate\\Pipeline\\{closure}(Object(Illuminate\\Http\\Request))
#30 D:\\2GAS\\SMT 6\\Pemro Framework\\BarangMasterUts\\barang_master-uts-master\\vendor\\laravel\\framework\\src\\Illuminate\\Pipeline\\Pipeline.php(180): Illuminate\\Cookie\\Middleware\\EncryptCookies->handle(Object(Illuminate\\Http\\Request), Object(Closure))
#31 D:\\2GAS\\SMT 6\\Pemro Framework\\BarangMasterUts\\barang_master-uts-master\\vendor\\laravel\\framework\\src\\Illuminate\\Pipeline\\Pipeline.php(116): Illuminate\\Pipeline\\Pipeline->Illuminate\\Pipeline\\{closure}(Object(Illuminate\\Http\\Request))
#32 D:\\2GAS\\SMT 6\\Pemro Framework\\BarangMasterUts\\barang_master-uts-master\\vendor\\laravel\\framework\\src\\Illuminate\\Routing\\Router.php(798): Illuminate\\Pipeline\\Pipeline->then(Object(Closure))
#33 D:\\2GAS\\SMT 6\\Pemro Framework\\BarangMasterUts\\barang_master-uts-master\\vendor\\laravel\\framework\\src\\Illuminate\\Routing\\Router.php(777): Illuminate\\Routing\\Router->runRouteWithinStack(Object(Illuminate\\Routing\\Route), Object(Illuminate\\Http\\Request))
#34 D:\\2GAS\\SMT 6\\Pemro Framework\\BarangMasterUts\\barang_master-uts-master\\vendor\\laravel\\framework\\src\\Illuminate\\Routing\\Router.php(741): Illuminate\\Routing\\Router->runRoute(Object(Illuminate\\Http\\Request), Object(Illuminate\\Routing\\Route))
#35 D:\\2GAS\\SMT 6\\Pemro Framework\\BarangMasterUts\\barang_master-uts-master\\vendor\\laravel\\framework\\src\\Illuminate\\Routing\\Router.php(730): Illuminate\\Routing\\Router->dispatchToRoute(Object(Illuminate\\Http\\Request))
#36 D:\\2GAS\\SMT 6\\Pemro Framework\\BarangMasterUts\\barang_master-uts-master\\vendor\\laravel\\framework\\src\\Illuminate\\Foundation\\Http\\Kernel.php(200): Illuminate\\Routing\\Router->dispatch(Object(Illuminate\\Http\\Request))
#37 D:\\2GAS\\SMT 6\\Pemro Framework\\BarangMasterUts\\barang_master-uts-master\\vendor\\laravel\\framework\\src\\Illuminate\\Pipeline\\Pipeline.php(141): Illuminate\\Foundation\\Http\\Kernel->Illuminate\\Foundation\\Http\\{closure}(Object(Illuminate\\Http\\Request))
#38 D:\\2GAS\\SMT 6\\Pemro Framework\\BarangMasterUts\\barang_master-uts-master\\vendor\\laravel\\framework\\src\\Illuminate\\Foundation\\Http\\Middleware\\TransformsRequest.php(21): Illuminate\\Pipeline\\Pipeline->Illuminate\\Pipeline\\{closure}(Object(Illuminate\\Http\\Request))
#39 D:\\2GAS\\SMT 6\\Pemro Framework\\BarangMasterUts\\barang_master-uts-master\\vendor\\laravel\\framework\\src\\Illuminate\\Foundation\\Http\\Middleware\\ConvertEmptyStringsToNull.php(31): Illuminate\\Foundation\\Http\\Middleware\\TransformsRequest->handle(Object(Illuminate\\Http\\Request), Object(Closure))
#40 D:\\2GAS\\SMT 6\\Pemro Framework\\BarangMasterUts\\barang_master-uts-master\\vendor\\laravel\\framework\\src\\Illuminate\\Pipeline\\Pipeline.php(180): Illuminate\\Foundation\\Http\\Middleware\\ConvertEmptyStringsToNull->handle(Object(Illuminate\\Http\\Request), Object(Closure))
#41 D:\\2GAS\\SMT 6\\Pemro Framework\\BarangMasterUts\\barang_master-uts-master\\vendor\\laravel\\framework\\src\\Illuminate\\Foundation\\Http\\Middleware\\TransformsRequest.php(21): Illuminate\\Pipeline\\Pipeline->Illuminate\\Pipeline\\{closure}(Object(Illuminate\\Http\\Request))
#42 D:\\2GAS\\SMT 6\\Pemro Framework\\BarangMasterUts\\barang_master-uts-master\\vendor\\laravel\\framework\\src\\Illuminate\\Foundation\\Http\\Middleware\\TrimStrings.php(40): Illuminate\\Foundation\\Http\\Middleware\\TransformsRequest->handle(Object(Illuminate\\Http\\Request), Object(Closure))
#43 D:\\2GAS\\SMT 6\\Pemro Framework\\BarangMasterUts\\barang_master-uts-master\\vendor\\laravel\\framework\\src\\Illuminate\\Pipeline\\Pipeline.php(180): Illuminate\\Foundation\\Http\\Middleware\\TrimStrings->handle(Object(Illuminate\\Http\\Request), Object(Closure))
#44 D:\\2GAS\\SMT 6\\Pemro Framework\\BarangMasterUts\\barang_master-uts-master\\vendor\\laravel\\framework\\src\\Illuminate\\Foundation\\Http\\Middleware\\ValidatePostSize.php(27): Illuminate\\Pipeline\\Pipeline->Illuminate\\Pipeline\\{closure}(Object(Illuminate\\Http\\Request))
#45 D:\\2GAS\\SMT 6\\Pemro Framework\\BarangMasterUts\\barang_master-uts-master\\vendor\\laravel\\framework\\src\\Illuminate\\Pipeline\\Pipeline.php(180): Illuminate\\Foundation\\Http\\Middleware\\ValidatePostSize->handle(Object(Illuminate\\Http\\Request), Object(Closure))
#46 D:\\2GAS\\SMT 6\\Pemro Framework\\BarangMasterUts\\barang_master-uts-master\\vendor\\laravel\\framework\\src\\Illuminate\\Foundation\\Http\\Middleware\\PreventRequestsDuringMaintenance.php(86): Illuminate\\Pipeline\\Pipeline->Illuminate\\Pipeline\\{closure}(Object(Illuminate\\Http\\Request))
#47 D:\\2GAS\\SMT 6\\Pemro Framework\\BarangMasterUts\\barang_master-uts-master\\vendor\\laravel\\framework\\src\\Illuminate\\Pipeline\\Pipeline.php(180): Illuminate\\Foundation\\Http\\Middleware\\PreventRequestsDuringMaintenance->handle(Object(Illuminate\\Http\\Request), Object(Closure))
#48 D:\\2GAS\\SMT 6\\Pemro Framework\\BarangMasterUts\\barang_master-uts-master\\vendor\\laravel\\framework\\src\\Illuminate\\Http\\Middleware\\HandleCors.php(49): Illuminate\\Pipeline\\Pipeline->Illuminate\\Pipeline\\{closure}(Object(Illuminate\\Http\\Request))
#49 D:\\2GAS\\SMT 6\\Pemro Framework\\BarangMasterUts\\barang_master-uts-master\\vendor\\laravel\\framework\\src\\Illuminate\\Pipeline\\Pipeline.php(180): Illuminate\\Http\\Middleware\\HandleCors->handle(Object(Illuminate\\Http\\Request), Object(Closure))
#50 D:\\2GAS\\SMT 6\\Pemro Framework\\BarangMasterUts\\barang_master-uts-master\\vendor\\laravel\\framework\\src\\Illuminate\\Http\\Middleware\\TrustProxies.php(39): Illuminate\\Pipeline\\Pipeline->Illuminate\\Pipeline\\{closure}(Object(Illuminate\\Http\\Request))
#51 D:\\2GAS\\SMT 6\\Pemro Framework\\BarangMasterUts\\barang_master-uts-master\\vendor\\laravel\\framework\\src\\Illuminate\\Pipeline\\Pipeline.php(180): Illuminate\\Http\\Middleware\\TrustProxies->handle(Object(Illuminate\\Http\\Request), Object(Closure))
#52 D:\\2GAS\\SMT 6\\Pemro Framework\\BarangMasterUts\\barang_master-uts-master\\vendor\\laravel\\framework\\src\\Illuminate\\Pipeline\\Pipeline.php(116): Illuminate\\Pipeline\\Pipeline->Illuminate\\Pipeline\\{closure}(Object(Illuminate\\Http\\Request))
#53 D:\\2GAS\\SMT 6\\Pemro Framework\\BarangMasterUts\\barang_master-uts-master\\vendor\\laravel\\framework\\src\\Illuminate\\Foundation\\Http\\Kernel.php(175): Illuminate\\Pipeline\\Pipeline->then(Object(Closure))
#54 D:\\2GAS\\SMT 6\\Pemro Framework\\BarangMasterUts\\barang_master-uts-master\\vendor\\laravel\\framework\\src\\Illuminate\\Foundation\\Http\\Kernel.php(144): Illuminate\\Foundation\\Http\\Kernel->sendRequestThroughRouter(Object(Illuminate\\Http\\Request))
#55 D:\\2GAS\\SMT 6\\Pemro Framework\\BarangMasterUts\\barang_master-uts-master\\public\\index.php(51): Illuminate\\Foundation\\Http\\Kernel->handle(Object(Illuminate\\Http\\Request))
#56 D:\\2GAS\\SMT 6\\Pemro Framework\\BarangMasterUts\\barang_master-uts-master\\vendor\\laravel\\framework\\src\\Illuminate\\Foundation\\resources\\server.php(16): require_once('D:\\\\2GAS\\\\SMT 6\\\\P...')
#57 {main}
"} 
[2023-07-05 15:20:37] local.ERROR: SQLSTATE[23000]: Integrity constraint violation: 1062 Duplicate entry '01' for key 'barangs_kode_barang_unique' (Connection: mysql, SQL: insert into `barangs` (`kode_barang`, `nama_barang`, `harga_barang`, `deskripsi_barang`, `satuan_id`, `updated_at`, `created_at`) values (01, asdasd, 50, Batu Bata PT. Asmara, 2, 2023-07-05 15:20:37, 2023-07-05 15:20:37)) {"exception":"[object] (Illuminate\\Database\\QueryException(code: 23000): SQLSTATE[23000]: Integrity constraint violation: 1062 Duplicate entry '01' for key 'barangs_kode_barang_unique' (Connection: mysql, SQL: insert into `barangs` (`kode_barang`, `nama_barang`, `harga_barang`, `deskripsi_barang`, `satuan_id`, `updated_at`, `created_at`) values (01, asdasd, 50, Batu Bata PT. Asmara, 2, 2023-07-05 15:20:37, 2023-07-05 15:20:37)) at D:\\2GAS\\SMT 6\\Pemro Framework\\BarangMasterUts\\barang_master-uts-master\\vendor\\laravel\\framework\\src\\Illuminate\\Database\\Connection.php:795)
[stacktrace]
#0 D:\\2GAS\\SMT 6\\Pemro Framework\\BarangMasterUts\\barang_master-uts-master\\vendor\\laravel\\framework\\src\\Illuminate\\Database\\Connection.php(755): Illuminate\\Database\\Connection->runQueryCallback('insert into `ba...', Array, Object(Closure))
#1 D:\\2GAS\\SMT 6\\Pemro Framework\\BarangMasterUts\\barang_master-uts-master\\vendor\\laravel\\framework\\src\\Illuminate\\Database\\Connection.php(569): Illuminate\\Database\\Connection->run('insert into `ba...', Array, Object(Closure))
#2 D:\\2GAS\\SMT 6\\Pemro Framework\\BarangMasterUts\\barang_master-uts-master\\vendor\\laravel\\framework\\src\\Illuminate\\Database\\Connection.php(533): Illuminate\\Database\\Connection->statement('insert into `ba...', Array)
#3 D:\\2GAS\\SMT 6\\Pemro Framework\\BarangMasterUts\\barang_master-uts-master\\vendor\\laravel\\framework\\src\\Illuminate\\Database\\Query\\Processors\\Processor.php(32): Illuminate\\Database\\Connection->insert('insert into `ba...', Array)
#4 D:\\2GAS\\SMT 6\\Pemro Framework\\BarangMasterUts\\barang_master-uts-master\\vendor\\laravel\\framework\\src\\Illuminate\\Database\\Query\\Builder.php(3371): Illuminate\\Database\\Query\\Processors\\Processor->processInsertGetId(Object(Illuminate\\Database\\Query\\Builder), 'insert into `ba...', Array, 'id')
#5 D:\\2GAS\\SMT 6\\Pemro Framework\\BarangMasterUts\\barang_master-uts-master\\vendor\\laravel\\framework\\src\\Illuminate\\Database\\Eloquent\\Builder.php(1922): Illuminate\\Database\\Query\\Builder->insertGetId(Array, 'id')
#6 D:\\2GAS\\SMT 6\\Pemro Framework\\BarangMasterUts\\barang_master-uts-master\\vendor\\laravel\\framework\\src\\Illuminate\\Database\\Eloquent\\Model.php(1335): Illuminate\\Database\\Eloquent\\Builder->__call('insertGetId', Array)
#7 D:\\2GAS\\SMT 6\\Pemro Framework\\BarangMasterUts\\barang_master-uts-master\\vendor\\laravel\\framework\\src\\Illuminate\\Database\\Eloquent\\Model.php(1300): Illuminate\\Database\\Eloquent\\Model->insertAndSetId(Object(Illuminate\\Database\\Eloquent\\Builder), Array)
#8 D:\\2GAS\\SMT 6\\Pemro Framework\\BarangMasterUts\\barang_master-uts-master\\vendor\\laravel\\framework\\src\\Illuminate\\Database\\Eloquent\\Model.php(1139): Illuminate\\Database\\Eloquent\\Model->performInsert(Object(Illuminate\\Database\\Eloquent\\Builder))
#9 D:\\2GAS\\SMT 6\\Pemro Framework\\BarangMasterUts\\barang_master-uts-master\\app\\Http\\Controllers\\BarangController.php(64): Illuminate\\Database\\Eloquent\\Model->save()
#10 D:\\2GAS\\SMT 6\\Pemro Framework\\BarangMasterUts\\barang_master-uts-master\\vendor\\laravel\\framework\\src\\Illuminate\\Routing\\Controller.php(54): App\\Http\\Controllers\\BarangController->store(Object(Illuminate\\Http\\Request))
#11 D:\\2GAS\\SMT 6\\Pemro Framework\\BarangMasterUts\\barang_master-uts-master\\vendor\\laravel\\framework\\src\\Illuminate\\Routing\\ControllerDispatcher.php(43): Illuminate\\Routing\\Controller->callAction('store', Array)
#12 D:\\2GAS\\SMT 6\\Pemro Framework\\BarangMasterUts\\barang_master-uts-master\\vendor\\laravel\\framework\\src\\Illuminate\\Routing\\Route.php(259): Illuminate\\Routing\\ControllerDispatcher->dispatch(Object(Illuminate\\Routing\\Route), Object(App\\Http\\Controllers\\BarangController), 'store')
#13 D:\\2GAS\\SMT 6\\Pemro Framework\\BarangMasterUts\\barang_master-uts-master\\vendor\\laravel\\framework\\src\\Illuminate\\Routing\\Route.php(205): Illuminate\\Routing\\Route->runController()
#14 D:\\2GAS\\SMT 6\\Pemro Framework\\BarangMasterUts\\barang_master-uts-master\\vendor\\laravel\\framework\\src\\Illuminate\\Routing\\Router.php(799): Illuminate\\Routing\\Route->run()
#15 D:\\2GAS\\SMT 6\\Pemro Framework\\BarangMasterUts\\barang_master-uts-master\\vendor\\laravel\\framework\\src\\Illuminate\\Pipeline\\Pipeline.php(141): Illuminate\\Routing\\Router->Illuminate\\Routing\\{closure}(Object(Illuminate\\Http\\Request))
#16 D:\\2GAS\\SMT 6\\Pemro Framework\\BarangMasterUts\\barang_master-uts-master\\vendor\\laravel\\framework\\src\\Illuminate\\Routing\\Middleware\\SubstituteBindings.php(50): Illuminate\\Pipeline\\Pipeline->Illuminate\\Pipeline\\{closure}(Object(Illuminate\\Http\\Request))
#17 D:\\2GAS\\SMT 6\\Pemro Framework\\BarangMasterUts\\barang_master-uts-master\\vendor\\laravel\\framework\\src\\Illuminate\\Pipeline\\Pipeline.php(180): Illuminate\\Routing\\Middleware\\SubstituteBindings->handle(Object(Illuminate\\Http\\Request), Object(Closure))
#18 D:\\2GAS\\SMT 6\\Pemro Framework\\BarangMasterUts\\barang_master-uts-master\\vendor\\laravel\\framework\\src\\Illuminate\\Foundation\\Http\\Middleware\\VerifyCsrfToken.php(78): Illuminate\\Pipeline\\Pipeline->Illuminate\\Pipeline\\{closure}(Object(Illuminate\\Http\\Request))
#19 D:\\2GAS\\SMT 6\\Pemro Framework\\BarangMasterUts\\barang_master-uts-master\\vendor\\laravel\\framework\\src\\Illuminate\\Pipeline\\Pipeline.php(180): Illuminate\\Foundation\\Http\\Middleware\\VerifyCsrfToken->handle(Object(Illuminate\\Http\\Request), Object(Closure))
#20 D:\\2GAS\\SMT 6\\Pemro Framework\\BarangMasterUts\\barang_master-uts-master\\vendor\\laravel\\framework\\src\\Illuminate\\View\\Middleware\\ShareErrorsFromSession.php(49): Illuminate\\Pipeline\\Pipeline->Illuminate\\Pipeline\\{closure}(Object(Illuminate\\Http\\Request))
#21 D:\\2GAS\\SMT 6\\Pemro Framework\\BarangMasterUts\\barang_master-uts-master\\vendor\\laravel\\framework\\src\\Illuminate\\Pipeline\\Pipeline.php(180): Illuminate\\View\\Middleware\\ShareErrorsFromSession->handle(Object(Illuminate\\Http\\Request), Object(Closure))
#22 D:\\2GAS\\SMT 6\\Pemro Framework\\BarangMasterUts\\barang_master-uts-master\\vendor\\laravel\\framework\\src\\Illuminate\\Session\\Middleware\\StartSession.php(121): Illuminate\\Pipeline\\Pipeline->Illuminate\\Pipeline\\{closure}(Object(Illuminate\\Http\\Request))
#23 D:\\2GAS\\SMT 6\\Pemro Framework\\BarangMasterUts\\barang_master-uts-master\\vendor\\laravel\\framework\\src\\Illuminate\\Session\\Middleware\\StartSession.php(64): Illuminate\\Session\\Middleware\\StartSession->handleStatefulRequest(Object(Illuminate\\Http\\Request), Object(Illuminate\\Session\\Store), Object(Closure))
#24 D:\\2GAS\\SMT 6\\Pemro Framework\\BarangMasterUts\\barang_master-uts-master\\vendor\\laravel\\framework\\src\\Illuminate\\Pipeline\\Pipeline.php(180): Illuminate\\Session\\Middleware\\StartSession->handle(Object(Illuminate\\Http\\Request), Object(Closure))
#25 D:\\2GAS\\SMT 6\\Pemro Framework\\BarangMasterUts\\barang_master-uts-master\\vendor\\laravel\\framework\\src\\Illuminate\\Cookie\\Middleware\\AddQueuedCookiesToResponse.php(37): Illuminate\\Pipeline\\Pipeline->Illuminate\\Pipeline\\{closure}(Object(Illuminate\\Http\\Request))
#26 D:\\2GAS\\SMT 6\\Pemro Framework\\BarangMasterUts\\barang_master-uts-master\\vendor\\laravel\\framework\\src\\Illuminate\\Pipeline\\Pipeline.php(180): Illuminate\\Cookie\\Middleware\\AddQueuedCookiesToResponse->handle(Object(Illuminate\\Http\\Request), Object(Closure))
#27 D:\\2GAS\\SMT 6\\Pemro Framework\\BarangMasterUts\\barang_master-uts-master\\vendor\\laravel\\framework\\src\\Illuminate\\Cookie\\Middleware\\EncryptCookies.php(67): Illuminate\\Pipeline\\Pipeline->Illuminate\\Pipeline\\{closure}(Object(Illuminate\\Http\\Request))
#28 D:\\2GAS\\SMT 6\\Pemro Framework\\BarangMasterUts\\barang_master-uts-master\\vendor\\laravel\\framework\\src\\Illuminate\\Pipeline\\Pipeline.php(180): Illuminate\\Cookie\\Middleware\\EncryptCookies->handle(Object(Illuminate\\Http\\Request), Object(Closure))
#29 D:\\2GAS\\SMT 6\\Pemro Framework\\BarangMasterUts\\barang_master-uts-master\\vendor\\laravel\\framework\\src\\Illuminate\\Pipeline\\Pipeline.php(116): Illuminate\\Pipeline\\Pipeline->Illuminate\\Pipeline\\{closure}(Object(Illuminate\\Http\\Request))
#30 D:\\2GAS\\SMT 6\\Pemro Framework\\BarangMasterUts\\barang_master-uts-master\\vendor\\laravel\\framework\\src\\Illuminate\\Routing\\Router.php(798): Illuminate\\Pipeline\\Pipeline->then(Object(Closure))
#31 D:\\2GAS\\SMT 6\\Pemro Framework\\BarangMasterUts\\barang_master-uts-master\\vendor\\laravel\\framework\\src\\Illuminate\\Routing\\Router.php(777): Illuminate\\Routing\\Router->runRouteWithinStack(Object(Illuminate\\Routing\\Route), Object(Illuminate\\Http\\Request))
#32 D:\\2GAS\\SMT 6\\Pemro Framework\\BarangMasterUts\\barang_master-uts-master\\vendor\\laravel\\framework\\src\\Illuminate\\Routing\\Router.php(741): Illuminate\\Routing\\Router->runRoute(Object(Illuminate\\Http\\Request), Object(Illuminate\\Routing\\Route))
#33 D:\\2GAS\\SMT 6\\Pemro Framework\\BarangMasterUts\\barang_master-uts-master\\vendor\\laravel\\framework\\src\\Illuminate\\Routing\\Router.php(730): Illuminate\\Routing\\Router->dispatchToRoute(Object(Illuminate\\Http\\Request))
#34 D:\\2GAS\\SMT 6\\Pemro Framework\\BarangMasterUts\\barang_master-uts-master\\vendor\\laravel\\framework\\src\\Illuminate\\Foundation\\Http\\Kernel.php(200): Illuminate\\Routing\\Router->dispatch(Object(Illuminate\\Http\\Request))
#35 D:\\2GAS\\SMT 6\\Pemro Framework\\BarangMasterUts\\barang_master-uts-master\\vendor\\laravel\\framework\\src\\Illuminate\\Pipeline\\Pipeline.php(141): Illuminate\\Foundation\\Http\\Kernel->Illuminate\\Foundation\\Http\\{closure}(Object(Illuminate\\Http\\Request))
#36 D:\\2GAS\\SMT 6\\Pemro Framework\\BarangMasterUts\\barang_master-uts-master\\vendor\\laravel\\framework\\src\\Illuminate\\Foundation\\Http\\Middleware\\TransformsRequest.php(21): Illuminate\\Pipeline\\Pipeline->Illuminate\\Pipeline\\{closure}(Object(Illuminate\\Http\\Request))
#37 D:\\2GAS\\SMT 6\\Pemro Framework\\BarangMasterUts\\barang_master-uts-master\\vendor\\laravel\\framework\\src\\Illuminate\\Foundation\\Http\\Middleware\\ConvertEmptyStringsToNull.php(31): Illuminate\\Foundation\\Http\\Middleware\\TransformsRequest->handle(Object(Illuminate\\Http\\Request), Object(Closure))
#38 D:\\2GAS\\SMT 6\\Pemro Framework\\BarangMasterUts\\barang_master-uts-master\\vendor\\laravel\\framework\\src\\Illuminate\\Pipeline\\Pipeline.php(180): Illuminate\\Foundation\\Http\\Middleware\\ConvertEmptyStringsToNull->handle(Object(Illuminate\\Http\\Request), Object(Closure))
#39 D:\\2GAS\\SMT 6\\Pemro Framework\\BarangMasterUts\\barang_master-uts-master\\vendor\\laravel\\framework\\src\\Illuminate\\Foundation\\Http\\Middleware\\TransformsRequest.php(21): Illuminate\\Pipeline\\Pipeline->Illuminate\\Pipeline\\{closure}(Object(Illuminate\\Http\\Request))
#40 D:\\2GAS\\SMT 6\\Pemro Framework\\BarangMasterUts\\barang_master-uts-master\\vendor\\laravel\\framework\\src\\Illuminate\\Foundation\\Http\\Middleware\\TrimStrings.php(40): Illuminate\\Foundation\\Http\\Middleware\\TransformsRequest->handle(Object(Illuminate\\Http\\Request), Object(Closure))
#41 D:\\2GAS\\SMT 6\\Pemro Framework\\BarangMasterUts\\barang_master-uts-master\\vendor\\laravel\\framework\\src\\Illuminate\\Pipeline\\Pipeline.php(180): Illuminate\\Foundation\\Http\\Middleware\\TrimStrings->handle(Object(Illuminate\\Http\\Request), Object(Closure))
#42 D:\\2GAS\\SMT 6\\Pemro Framework\\BarangMasterUts\\barang_master-uts-master\\vendor\\laravel\\framework\\src\\Illuminate\\Foundation\\Http\\Middleware\\ValidatePostSize.php(27): Illuminate\\Pipeline\\Pipeline->Illuminate\\Pipeline\\{closure}(Object(Illuminate\\Http\\Request))
#43 D:\\2GAS\\SMT 6\\Pemro Framework\\BarangMasterUts\\barang_master-uts-master\\vendor\\laravel\\framework\\src\\Illuminate\\Pipeline\\Pipeline.php(180): Illuminate\\Foundation\\Http\\Middleware\\ValidatePostSize->handle(Object(Illuminate\\Http\\Request), Object(Closure))
#44 D:\\2GAS\\SMT 6\\Pemro Framework\\BarangMasterUts\\barang_master-uts-master\\vendor\\laravel\\framework\\src\\Illuminate\\Foundation\\Http\\Middleware\\PreventRequestsDuringMaintenance.php(86): Illuminate\\Pipeline\\Pipeline->Illuminate\\Pipeline\\{closure}(Object(Illuminate\\Http\\Request))
#45 D:\\2GAS\\SMT 6\\Pemro Framework\\BarangMasterUts\\barang_master-uts-master\\vendor\\laravel\\framework\\src\\Illuminate\\Pipeline\\Pipeline.php(180): Illuminate\\Foundation\\Http\\Middleware\\PreventRequestsDuringMaintenance->handle(Object(Illuminate\\Http\\Request), Object(Closure))
#46 D:\\2GAS\\SMT 6\\Pemro Framework\\BarangMasterUts\\barang_master-uts-master\\vendor\\laravel\\framework\\src\\Illuminate\\Http\\Middleware\\HandleCors.php(49): Illuminate\\Pipeline\\Pipeline->Illuminate\\Pipeline\\{closure}(Object(Illuminate\\Http\\Request))
#47 D:\\2GAS\\SMT 6\\Pemro Framework\\BarangMasterUts\\barang_master-uts-master\\vendor\\laravel\\framework\\src\\Illuminate\\Pipeline\\Pipeline.php(180): Illuminate\\Http\\Middleware\\HandleCors->handle(Object(Illuminate\\Http\\Request), Object(Closure))
#48 D:\\2GAS\\SMT 6\\Pemro Framework\\BarangMasterUts\\barang_master-uts-master\\vendor\\laravel\\framework\\src\\Illuminate\\Http\\Middleware\\TrustProxies.php(39): Illuminate\\Pipeline\\Pipeline->Illuminate\\Pipeline\\{closure}(Object(Illuminate\\Http\\Request))
#49 D:\\2GAS\\SMT 6\\Pemro Framework\\BarangMasterUts\\barang_master-uts-master\\vendor\\laravel\\framework\\src\\Illuminate\\Pipeline\\Pipeline.php(180): Illuminate\\Http\\Middleware\\TrustProxies->handle(Object(Illuminate\\Http\\Request), Object(Closure))
#50 D:\\2GAS\\SMT 6\\Pemro Framework\\BarangMasterUts\\barang_master-uts-master\\vendor\\laravel\\framework\\src\\Illuminate\\Pipeline\\Pipeline.php(116): Illuminate\\Pipeline\\Pipeline->Illuminate\\Pipeline\\{closure}(Object(Illuminate\\Http\\Request))
#51 D:\\2GAS\\SMT 6\\Pemro Framework\\BarangMasterUts\\barang_master-uts-master\\vendor\\laravel\\framework\\src\\Illuminate\\Foundation\\Http\\Kernel.php(175): Illuminate\\Pipeline\\Pipeline->then(Object(Closure))
#52 D:\\2GAS\\SMT 6\\Pemro Framework\\BarangMasterUts\\barang_master-uts-master\\vendor\\laravel\\framework\\src\\Illuminate\\Foundation\\Http\\Kernel.php(144): Illuminate\\Foundation\\Http\\Kernel->sendRequestThroughRouter(Object(Illuminate\\Http\\Request))
#53 D:\\2GAS\\SMT 6\\Pemro Framework\\BarangMasterUts\\barang_master-uts-master\\public\\index.php(51): Illuminate\\Foundation\\Http\\Kernel->handle(Object(Illuminate\\Http\\Request))
#54 D:\\2GAS\\SMT 6\\Pemro Framework\\BarangMasterUts\\barang_master-uts-master\\vendor\\laravel\\framework\\src\\Illuminate\\Foundation\\resources\\server.php(16): require_once('D:\\\\2GAS\\\\SMT 6\\\\P...')
#55 {main}

[previous exception] [object] (PDOException(code: 23000): SQLSTATE[23000]: Integrity constraint violation: 1062 Duplicate entry '01' for key 'barangs_kode_barang_unique' at D:\\2GAS\\SMT 6\\Pemro Framework\\BarangMasterUts\\barang_master-uts-master\\vendor\\laravel\\framework\\src\\Illuminate\\Database\\Connection.php:580)
[stacktrace]
#0 D:\\2GAS\\SMT 6\\Pemro Framework\\BarangMasterUts\\barang_master-uts-master\\vendor\\laravel\\framework\\src\\Illuminate\\Database\\Connection.php(580): PDOStatement->execute()
#1 D:\\2GAS\\SMT 6\\Pemro Framework\\BarangMasterUts\\barang_master-uts-master\\vendor\\laravel\\framework\\src\\Illuminate\\Database\\Connection.php(788): Illuminate\\Database\\Connection->Illuminate\\Database\\{closure}('insert into `ba...', Array)
#2 D:\\2GAS\\SMT 6\\Pemro Framework\\BarangMasterUts\\barang_master-uts-master\\vendor\\laravel\\framework\\src\\Illuminate\\Database\\Connection.php(755): Illuminate\\Database\\Connection->runQueryCallback('insert into `ba...', Array, Object(Closure))
#3 D:\\2GAS\\SMT 6\\Pemro Framework\\BarangMasterUts\\barang_master-uts-master\\vendor\\laravel\\framework\\src\\Illuminate\\Database\\Connection.php(569): Illuminate\\Database\\Connection->run('insert into `ba...', Array, Object(Closure))
#4 D:\\2GAS\\SMT 6\\Pemro Framework\\BarangMasterUts\\barang_master-uts-master\\vendor\\laravel\\framework\\src\\Illuminate\\Database\\Connection.php(533): Illuminate\\Database\\Connection->statement('insert into `ba...', Array)
#5 D:\\2GAS\\SMT 6\\Pemro Framework\\BarangMasterUts\\barang_master-uts-master\\vendor\\laravel\\framework\\src\\Illuminate\\Database\\Query\\Processors\\Processor.php(32): Illuminate\\Database\\Connection->insert('insert into `ba...', Array)
#6 D:\\2GAS\\SMT 6\\Pemro Framework\\BarangMasterUts\\barang_master-uts-master\\vendor\\laravel\\framework\\src\\Illuminate\\Database\\Query\\Builder.php(3371): Illuminate\\Database\\Query\\Processors\\Processor->processInsertGetId(Object(Illuminate\\Database\\Query\\Builder), 'insert into `ba...', Array, 'id')
#7 D:\\2GAS\\SMT 6\\Pemro Framework\\BarangMasterUts\\barang_master-uts-master\\vendor\\laravel\\framework\\src\\Illuminate\\Database\\Eloquent\\Builder.php(1922): Illuminate\\Database\\Query\\Builder->insertGetId(Array, 'id')
#8 D:\\2GAS\\SMT 6\\Pemro Framework\\BarangMasterUts\\barang_master-uts-master\\vendor\\laravel\\framework\\src\\Illuminate\\Database\\Eloquent\\Model.php(1335): Illuminate\\Database\\Eloquent\\Builder->__call('insertGetId', Array)
#9 D:\\2GAS\\SMT 6\\Pemro Framework\\BarangMasterUts\\barang_master-uts-master\\vendor\\laravel\\framework\\src\\Illuminate\\Database\\Eloquent\\Model.php(1300): Illuminate\\Database\\Eloquent\\Model->insertAndSetId(Object(Illuminate\\Database\\Eloquent\\Builder), Array)
#10 D:\\2GAS\\SMT 6\\Pemro Framework\\BarangMasterUts\\barang_master-uts-master\\vendor\\laravel\\framework\\src\\Illuminate\\Database\\Eloquent\\Model.php(1139): Illuminate\\Database\\Eloquent\\Model->performInsert(Object(Illuminate\\Database\\Eloquent\\Builder))
#11 D:\\2GAS\\SMT 6\\Pemro Framework\\BarangMasterUts\\barang_master-uts-master\\app\\Http\\Controllers\\BarangController.php(64): Illuminate\\Database\\Eloquent\\Model->save()
#12 D:\\2GAS\\SMT 6\\Pemro Framework\\BarangMasterUts\\barang_master-uts-master\\vendor\\laravel\\framework\\src\\Illuminate\\Routing\\Controller.php(54): App\\Http\\Controllers\\BarangController->store(Object(Illuminate\\Http\\Request))
#13 D:\\2GAS\\SMT 6\\Pemro Framework\\BarangMasterUts\\barang_master-uts-master\\vendor\\laravel\\framework\\src\\Illuminate\\Routing\\ControllerDispatcher.php(43): Illuminate\\Routing\\Controller->callAction('store', Array)
#14 D:\\2GAS\\SMT 6\\Pemro Framework\\BarangMasterUts\\barang_master-uts-master\\vendor\\laravel\\framework\\src\\Illuminate\\Routing\\Route.php(259): Illuminate\\Routing\\ControllerDispatcher->dispatch(Object(Illuminate\\Routing\\Route), Object(App\\Http\\Controllers\\BarangController), 'store')
#15 D:\\2GAS\\SMT 6\\Pemro Framework\\BarangMasterUts\\barang_master-uts-master\\vendor\\laravel\\framework\\src\\Illuminate\\Routing\\Route.php(205): Illuminate\\Routing\\Route->runController()
#16 D:\\2GAS\\SMT 6\\Pemro Framework\\BarangMasterUts\\barang_master-uts-master\\vendor\\laravel\\framework\\src\\Illuminate\\Routing\\Router.php(799): Illuminate\\Routing\\Route->run()
#17 D:\\2GAS\\SMT 6\\Pemro Framework\\BarangMasterUts\\barang_master-uts-master\\vendor\\laravel\\framework\\src\\Illuminate\\Pipeline\\Pipeline.php(141): Illuminate\\Routing\\Router->Illuminate\\Routing\\{closure}(Object(Illuminate\\Http\\Request))
#18 D:\\2GAS\\SMT 6\\Pemro Framework\\BarangMasterUts\\barang_master-uts-master\\vendor\\laravel\\framework\\src\\Illuminate\\Routing\\Middleware\\SubstituteBindings.php(50): Illuminate\\Pipeline\\Pipeline->Illuminate\\Pipeline\\{closure}(Object(Illuminate\\Http\\Request))
#19 D:\\2GAS\\SMT 6\\Pemro Framework\\BarangMasterUts\\barang_master-uts-master\\vendor\\laravel\\framework\\src\\Illuminate\\Pipeline\\Pipeline.php(180): Illuminate\\Routing\\Middleware\\SubstituteBindings->handle(Object(Illuminate\\Http\\Request), Object(Closure))
#20 D:\\2GAS\\SMT 6\\Pemro Framework\\BarangMasterUts\\barang_master-uts-master\\vendor\\laravel\\framework\\src\\Illuminate\\Foundation\\Http\\Middleware\\VerifyCsrfToken.php(78): Illuminate\\Pipeline\\Pipeline->Illuminate\\Pipeline\\{closure}(Object(Illuminate\\Http\\Request))
#21 D:\\2GAS\\SMT 6\\Pemro Framework\\BarangMasterUts\\barang_master-uts-master\\vendor\\laravel\\framework\\src\\Illuminate\\Pipeline\\Pipeline.php(180): Illuminate\\Foundation\\Http\\Middleware\\VerifyCsrfToken->handle(Object(Illuminate\\Http\\Request), Object(Closure))
#22 D:\\2GAS\\SMT 6\\Pemro Framework\\BarangMasterUts\\barang_master-uts-master\\vendor\\laravel\\framework\\src\\Illuminate\\View\\Middleware\\ShareErrorsFromSession.php(49): Illuminate\\Pipeline\\Pipeline->Illuminate\\Pipeline\\{closure}(Object(Illuminate\\Http\\Request))
#23 D:\\2GAS\\SMT 6\\Pemro Framework\\BarangMasterUts\\barang_master-uts-master\\vendor\\laravel\\framework\\src\\Illuminate\\Pipeline\\Pipeline.php(180): Illuminate\\View\\Middleware\\ShareErrorsFromSession->handle(Object(Illuminate\\Http\\Request), Object(Closure))
#24 D:\\2GAS\\SMT 6\\Pemro Framework\\BarangMasterUts\\barang_master-uts-master\\vendor\\laravel\\framework\\src\\Illuminate\\Session\\Middleware\\StartSession.php(121): Illuminate\\Pipeline\\Pipeline->Illuminate\\Pipeline\\{closure}(Object(Illuminate\\Http\\Request))
#25 D:\\2GAS\\SMT 6\\Pemro Framework\\BarangMasterUts\\barang_master-uts-master\\vendor\\laravel\\framework\\src\\Illuminate\\Session\\Middleware\\StartSession.php(64): Illuminate\\Session\\Middleware\\StartSession->handleStatefulRequest(Object(Illuminate\\Http\\Request), Object(Illuminate\\Session\\Store), Object(Closure))
#26 D:\\2GAS\\SMT 6\\Pemro Framework\\BarangMasterUts\\barang_master-uts-master\\vendor\\laravel\\framework\\src\\Illuminate\\Pipeline\\Pipeline.php(180): Illuminate\\Session\\Middleware\\StartSession->handle(Object(Illuminate\\Http\\Request), Object(Closure))
#27 D:\\2GAS\\SMT 6\\Pemro Framework\\BarangMasterUts\\barang_master-uts-master\\vendor\\laravel\\framework\\src\\Illuminate\\Cookie\\Middleware\\AddQueuedCookiesToResponse.php(37): Illuminate\\Pipeline\\Pipeline->Illuminate\\Pipeline\\{closure}(Object(Illuminate\\Http\\Request))
#28 D:\\2GAS\\SMT 6\\Pemro Framework\\BarangMasterUts\\barang_master-uts-master\\vendor\\laravel\\framework\\src\\Illuminate\\Pipeline\\Pipeline.php(180): Illuminate\\Cookie\\Middleware\\AddQueuedCookiesToResponse->handle(Object(Illuminate\\Http\\Request), Object(Closure))
#29 D:\\2GAS\\SMT 6\\Pemro Framework\\BarangMasterUts\\barang_master-uts-master\\vendor\\laravel\\framework\\src\\Illuminate\\Cookie\\Middleware\\EncryptCookies.php(67): Illuminate\\Pipeline\\Pipeline->Illuminate\\Pipeline\\{closure}(Object(Illuminate\\Http\\Request))
#30 D:\\2GAS\\SMT 6\\Pemro Framework\\BarangMasterUts\\barang_master-uts-master\\vendor\\laravel\\framework\\src\\Illuminate\\Pipeline\\Pipeline.php(180): Illuminate\\Cookie\\Middleware\\EncryptCookies->handle(Object(Illuminate\\Http\\Request), Object(Closure))
#31 D:\\2GAS\\SMT 6\\Pemro Framework\\BarangMasterUts\\barang_master-uts-master\\vendor\\laravel\\framework\\src\\Illuminate\\Pipeline\\Pipeline.php(116): Illuminate\\Pipeline\\Pipeline->Illuminate\\Pipeline\\{closure}(Object(Illuminate\\Http\\Request))
#32 D:\\2GAS\\SMT 6\\Pemro Framework\\BarangMasterUts\\barang_master-uts-master\\vendor\\laravel\\framework\\src\\Illuminate\\Routing\\Router.php(798): Illuminate\\Pipeline\\Pipeline->then(Object(Closure))
#33 D:\\2GAS\\SMT 6\\Pemro Framework\\BarangMasterUts\\barang_master-uts-master\\vendor\\laravel\\framework\\src\\Illuminate\\Routing\\Router.php(777): Illuminate\\Routing\\Router->runRouteWithinStack(Object(Illuminate\\Routing\\Route), Object(Illuminate\\Http\\Request))
#34 D:\\2GAS\\SMT 6\\Pemro Framework\\BarangMasterUts\\barang_master-uts-master\\vendor\\laravel\\framework\\src\\Illuminate\\Routing\\Router.php(741): Illuminate\\Routing\\Router->runRoute(Object(Illuminate\\Http\\Request), Object(Illuminate\\Routing\\Route))
#35 D:\\2GAS\\SMT 6\\Pemro Framework\\BarangMasterUts\\barang_master-uts-master\\vendor\\laravel\\framework\\src\\Illuminate\\Routing\\Router.php(730): Illuminate\\Routing\\Router->dispatchToRoute(Object(Illuminate\\Http\\Request))
#36 D:\\2GAS\\SMT 6\\Pemro Framework\\BarangMasterUts\\barang_master-uts-master\\vendor\\laravel\\framework\\src\\Illuminate\\Foundation\\Http\\Kernel.php(200): Illuminate\\Routing\\Router->dispatch(Object(Illuminate\\Http\\Request))
#37 D:\\2GAS\\SMT 6\\Pemro Framework\\BarangMasterUts\\barang_master-uts-master\\vendor\\laravel\\framework\\src\\Illuminate\\Pipeline\\Pipeline.php(141): Illuminate\\Foundation\\Http\\Kernel->Illuminate\\Foundation\\Http\\{closure}(Object(Illuminate\\Http\\Request))
#38 D:\\2GAS\\SMT 6\\Pemro Framework\\BarangMasterUts\\barang_master-uts-master\\vendor\\laravel\\framework\\src\\Illuminate\\Foundation\\Http\\Middleware\\TransformsRequest.php(21): Illuminate\\Pipeline\\Pipeline->Illuminate\\Pipeline\\{closure}(Object(Illuminate\\Http\\Request))
#39 D:\\2GAS\\SMT 6\\Pemro Framework\\BarangMasterUts\\barang_master-uts-master\\vendor\\laravel\\framework\\src\\Illuminate\\Foundation\\Http\\Middleware\\ConvertEmptyStringsToNull.php(31): Illuminate\\Foundation\\Http\\Middleware\\TransformsRequest->handle(Object(Illuminate\\Http\\Request), Object(Closure))
#40 D:\\2GAS\\SMT 6\\Pemro Framework\\BarangMasterUts\\barang_master-uts-master\\vendor\\laravel\\framework\\src\\Illuminate\\Pipeline\\Pipeline.php(180): Illuminate\\Foundation\\Http\\Middleware\\ConvertEmptyStringsToNull->handle(Object(Illuminate\\Http\\Request), Object(Closure))
#41 D:\\2GAS\\SMT 6\\Pemro Framework\\BarangMasterUts\\barang_master-uts-master\\vendor\\laravel\\framework\\src\\Illuminate\\Foundation\\Http\\Middleware\\TransformsRequest.php(21): Illuminate\\Pipeline\\Pipeline->Illuminate\\Pipeline\\{closure}(Object(Illuminate\\Http\\Request))
#42 D:\\2GAS\\SMT 6\\Pemro Framework\\BarangMasterUts\\barang_master-uts-master\\vendor\\laravel\\framework\\src\\Illuminate\\Foundation\\Http\\Middleware\\TrimStrings.php(40): Illuminate\\Foundation\\Http\\Middleware\\TransformsRequest->handle(Object(Illuminate\\Http\\Request), Object(Closure))
#43 D:\\2GAS\\SMT 6\\Pemro Framework\\BarangMasterUts\\barang_master-uts-master\\vendor\\laravel\\framework\\src\\Illuminate\\Pipeline\\Pipeline.php(180): Illuminate\\Foundation\\Http\\Middleware\\TrimStrings->handle(Object(Illuminate\\Http\\Request), Object(Closure))
#44 D:\\2GAS\\SMT 6\\Pemro Framework\\BarangMasterUts\\barang_master-uts-master\\vendor\\laravel\\framework\\src\\Illuminate\\Foundation\\Http\\Middleware\\ValidatePostSize.php(27): Illuminate\\Pipeline\\Pipeline->Illuminate\\Pipeline\\{closure}(Object(Illuminate\\Http\\Request))
#45 D:\\2GAS\\SMT 6\\Pemro Framework\\BarangMasterUts\\barang_master-uts-master\\vendor\\laravel\\framework\\src\\Illuminate\\Pipeline\\Pipeline.php(180): Illuminate\\Foundation\\Http\\Middleware\\ValidatePostSize->handle(Object(Illuminate\\Http\\Request), Object(Closure))
#46 D:\\2GAS\\SMT 6\\Pemro Framework\\BarangMasterUts\\barang_master-uts-master\\vendor\\laravel\\framework\\src\\Illuminate\\Foundation\\Http\\Middleware\\PreventRequestsDuringMaintenance.php(86): Illuminate\\Pipeline\\Pipeline->Illuminate\\Pipeline\\{closure}(Object(Illuminate\\Http\\Request))
#47 D:\\2GAS\\SMT 6\\Pemro Framework\\BarangMasterUts\\barang_master-uts-master\\vendor\\laravel\\framework\\src\\Illuminate\\Pipeline\\Pipeline.php(180): Illuminate\\Foundation\\Http\\Middleware\\PreventRequestsDuringMaintenance->handle(Object(Illuminate\\Http\\Request), Object(Closure))
#48 D:\\2GAS\\SMT 6\\Pemro Framework\\BarangMasterUts\\barang_master-uts-master\\vendor\\laravel\\framework\\src\\Illuminate\\Http\\Middleware\\HandleCors.php(49): Illuminate\\Pipeline\\Pipeline->Illuminate\\Pipeline\\{closure}(Object(Illuminate\\Http\\Request))
#49 D:\\2GAS\\SMT 6\\Pemro Framework\\BarangMasterUts\\barang_master-uts-master\\vendor\\laravel\\framework\\src\\Illuminate\\Pipeline\\Pipeline.php(180): Illuminate\\Http\\Middleware\\HandleCors->handle(Object(Illuminate\\Http\\Request), Object(Closure))
#50 D:\\2GAS\\SMT 6\\Pemro Framework\\BarangMasterUts\\barang_master-uts-master\\vendor\\laravel\\framework\\src\\Illuminate\\Http\\Middleware\\TrustProxies.php(39): Illuminate\\Pipeline\\Pipeline->Illuminate\\Pipeline\\{closure}(Object(Illuminate\\Http\\Request))
#51 D:\\2GAS\\SMT 6\\Pemro Framework\\BarangMasterUts\\barang_master-uts-master\\vendor\\laravel\\framework\\src\\Illuminate\\Pipeline\\Pipeline.php(180): Illuminate\\Http\\Middleware\\TrustProxies->handle(Object(Illuminate\\Http\\Request), Object(Closure))
#52 D:\\2GAS\\SMT 6\\Pemro Framework\\BarangMasterUts\\barang_master-uts-master\\vendor\\laravel\\framework\\src\\Illuminate\\Pipeline\\Pipeline.php(116): Illuminate\\Pipeline\\Pipeline->Illuminate\\Pipeline\\{closure}(Object(Illuminate\\Http\\Request))
#53 D:\\2GAS\\SMT 6\\Pemro Framework\\BarangMasterUts\\barang_master-uts-master\\vendor\\laravel\\framework\\src\\Illuminate\\Foundation\\Http\\Kernel.php(175): Illuminate\\Pipeline\\Pipeline->then(Object(Closure))
#54 D:\\2GAS\\SMT 6\\Pemro Framework\\BarangMasterUts\\barang_master-uts-master\\vendor\\laravel\\framework\\src\\Illuminate\\Foundation\\Http\\Kernel.php(144): Illuminate\\Foundation\\Http\\Kernel->sendRequestThroughRouter(Object(Illuminate\\Http\\Request))
#55 D:\\2GAS\\SMT 6\\Pemro Framework\\BarangMasterUts\\barang_master-uts-master\\public\\index.php(51): Illuminate\\Foundation\\Http\\Kernel->handle(Object(Illuminate\\Http\\Request))
#56 D:\\2GAS\\SMT 6\\Pemro Framework\\BarangMasterUts\\barang_master-uts-master\\vendor\\laravel\\framework\\src\\Illuminate\\Foundation\\resources\\server.php(16): require_once('D:\\\\2GAS\\\\SMT 6\\\\P...')
#57 {main}
"} 
